

Started GET "/" for 127.0.0.1 at 2016-08-24 23:24:40 -0400
  [1m[36mActiveRecord::SchemaMigration Load (0.2ms)[0m  [1mSELECT "schema_migrations".* FROM "schema_migrations"[0m
Processing by HomeController#index as HTML
Completed 500 Internal Server Error in 28ms (ActiveRecord: 0.6ms)

ActionView::MissingTemplate (Missing template home/index, application/index with {:locale=>[:en], :formats=>[:html], :variants=>[], :handlers=>[:erb, :builder, :raw, :ruby, :coffee, :jbuilder]}. Searched in:
  * "/media/joseph/B6E67C58E67C1AB7/CodeWork/Chalupa Formal/Chalupa Formal/ChalupaFormal/app/views"
):
  /usr/lib/ruby/vendor_ruby/action_view/path_set.rb:46:in `find'
  /usr/lib/ruby/vendor_ruby/action_view/lookup_context.rb:121:in `find'
  /usr/lib/ruby/vendor_ruby/action_view/renderer/abstract_renderer.rb:18:in `find_template'
  /usr/lib/ruby/vendor_ruby/action_view/renderer/template_renderer.rb:40:in `determine_template'
  /usr/lib/ruby/vendor_ruby/action_view/renderer/template_renderer.rb:8:in `render'
  /usr/lib/ruby/vendor_ruby/action_view/renderer/renderer.rb:46:in `render_template'
  /usr/lib/ruby/vendor_ruby/action_view/renderer/renderer.rb:27:in `render'
  /usr/lib/ruby/vendor_ruby/action_view/rendering.rb:100:in `_render_template'
  /usr/lib/ruby/vendor_ruby/action_controller/metal/streaming.rb:217:in `_render_template'
  /usr/lib/ruby/vendor_ruby/action_view/rendering.rb:83:in `render_to_body'
  /usr/lib/ruby/vendor_ruby/action_controller/metal/rendering.rb:32:in `render_to_body'
  /usr/lib/ruby/vendor_ruby/action_controller/metal/renderers.rb:37:in `render_to_body'
  /usr/lib/ruby/vendor_ruby/abstract_controller/rendering.rb:25:in `render'
  /usr/lib/ruby/vendor_ruby/action_controller/metal/rendering.rb:16:in `render'
  /usr/lib/ruby/vendor_ruby/action_controller/metal/instrumentation.rb:44:in `block (2 levels) in render'
  /usr/lib/ruby/vendor_ruby/active_support/core_ext/benchmark.rb:12:in `block in ms'
  /usr/lib/ruby/2.3.0/benchmark.rb:308:in `realtime'
  /usr/lib/ruby/vendor_ruby/active_support/core_ext/benchmark.rb:12:in `ms'
  /usr/lib/ruby/vendor_ruby/action_controller/metal/instrumentation.rb:44:in `block in render'
  /usr/lib/ruby/vendor_ruby/action_controller/metal/instrumentation.rb:87:in `cleanup_view_runtime'
  activerecord (4.2.6) lib/active_record/railties/controller_runtime.rb:25:in `cleanup_view_runtime'
  /usr/lib/ruby/vendor_ruby/action_controller/metal/instrumentation.rb:43:in `render'
  /usr/lib/ruby/vendor_ruby/action_controller/metal/implicit_render.rb:10:in `default_render'
  /usr/lib/ruby/vendor_ruby/action_controller/metal/implicit_render.rb:5:in `send_action'
  /usr/lib/ruby/vendor_ruby/abstract_controller/base.rb:198:in `process_action'
  /usr/lib/ruby/vendor_ruby/action_controller/metal/rendering.rb:10:in `process_action'
  /usr/lib/ruby/vendor_ruby/abstract_controller/callbacks.rb:20:in `block in process_action'
  /usr/lib/ruby/vendor_ruby/active_support/callbacks.rb:117:in `call'
  /usr/lib/ruby/vendor_ruby/active_support/callbacks.rb:555:in `block (2 levels) in compile'
  /usr/lib/ruby/vendor_ruby/active_support/callbacks.rb:505:in `call'
  /usr/lib/ruby/vendor_ruby/active_support/callbacks.rb:92:in `__run_callbacks__'
  /usr/lib/ruby/vendor_ruby/active_support/callbacks.rb:778:in `_run_process_action_callbacks'
  /usr/lib/ruby/vendor_ruby/active_support/callbacks.rb:81:in `run_callbacks'
  /usr/lib/ruby/vendor_ruby/abstract_controller/callbacks.rb:19:in `process_action'
  /usr/lib/ruby/vendor_ruby/action_controller/metal/rescue.rb:29:in `process_action'
  /usr/lib/ruby/vendor_ruby/action_controller/metal/instrumentation.rb:32:in `block in process_action'
  /usr/lib/ruby/vendor_ruby/active_support/notifications.rb:164:in `block in instrument'
  /usr/lib/ruby/vendor_ruby/active_support/notifications/instrumenter.rb:20:in `instrument'
  /usr/lib/ruby/vendor_ruby/active_support/notifications.rb:164:in `instrument'
  /usr/lib/ruby/vendor_ruby/action_controller/metal/instrumentation.rb:30:in `process_action'
  /usr/lib/ruby/vendor_ruby/action_controller/metal/params_wrapper.rb:250:in `process_action'
  activerecord (4.2.6) lib/active_record/railties/controller_runtime.rb:18:in `process_action'
  /usr/lib/ruby/vendor_ruby/abstract_controller/base.rb:137:in `process'
  /usr/lib/ruby/vendor_ruby/action_view/rendering.rb:30:in `process'
  /usr/lib/ruby/vendor_ruby/action_controller/metal.rb:196:in `dispatch'
  /usr/lib/ruby/vendor_ruby/action_controller/metal/rack_delegation.rb:13:in `dispatch'
  /usr/lib/ruby/vendor_ruby/action_controller/metal.rb:237:in `block in action'
  /usr/lib/ruby/vendor_ruby/action_dispatch/routing/route_set.rb:74:in `dispatch'
  /usr/lib/ruby/vendor_ruby/action_dispatch/routing/route_set.rb:43:in `serve'
  /usr/lib/ruby/vendor_ruby/action_dispatch/journey/router.rb:43:in `block in serve'
  /usr/lib/ruby/vendor_ruby/action_dispatch/journey/router.rb:30:in `each'
  /usr/lib/ruby/vendor_ruby/action_dispatch/journey/router.rb:30:in `serve'
  /usr/lib/ruby/vendor_ruby/action_dispatch/routing/route_set.rb:817:in `call'
  /usr/lib/ruby/vendor_ruby/rack/etag.rb:24:in `call'
  /usr/lib/ruby/vendor_ruby/rack/conditionalget.rb:25:in `call'
  /usr/lib/ruby/vendor_ruby/rack/head.rb:13:in `call'
  /usr/lib/ruby/vendor_ruby/action_dispatch/middleware/params_parser.rb:27:in `call'
  /usr/lib/ruby/vendor_ruby/action_dispatch/middleware/flash.rb:260:in `call'
  /usr/lib/ruby/vendor_ruby/rack/session/abstract/id.rb:225:in `context'
  /usr/lib/ruby/vendor_ruby/rack/session/abstract/id.rb:220:in `call'
  /usr/lib/ruby/vendor_ruby/action_dispatch/middleware/cookies.rb:560:in `call'
  activerecord (4.2.6) lib/active_record/query_cache.rb:36:in `call'
  activerecord (4.2.6) lib/active_record/connection_adapters/abstract/connection_pool.rb:653:in `call'
  activerecord (4.2.6) lib/active_record/migration.rb:377:in `call'
  /usr/lib/ruby/vendor_ruby/action_dispatch/middleware/callbacks.rb:29:in `block in call'
  /usr/lib/ruby/vendor_ruby/active_support/callbacks.rb:88:in `__run_callbacks__'
  /usr/lib/ruby/vendor_ruby/active_support/callbacks.rb:778:in `_run_call_callbacks'
  /usr/lib/ruby/vendor_ruby/active_support/callbacks.rb:81:in `run_callbacks'
  /usr/lib/ruby/vendor_ruby/action_dispatch/middleware/callbacks.rb:27:in `call'
  /usr/lib/ruby/vendor_ruby/action_dispatch/middleware/reloader.rb:73:in `call'
  /usr/lib/ruby/vendor_ruby/action_dispatch/middleware/remote_ip.rb:78:in `call'
  /usr/lib/ruby/vendor_ruby/action_dispatch/middleware/debug_exceptions.rb:17:in `call'
  web-console (2.3.0) lib/web_console/middleware.rb:28:in `block in call'
  web-console (2.3.0) lib/web_console/middleware.rb:18:in `catch'
  web-console (2.3.0) lib/web_console/middleware.rb:18:in `call'
  /usr/lib/ruby/vendor_ruby/action_dispatch/middleware/show_exceptions.rb:30:in `call'
  /usr/lib/ruby/vendor_ruby/rails/rack/logger.rb:38:in `call_app'
  /usr/lib/ruby/vendor_ruby/rails/rack/logger.rb:20:in `block in call'
  /usr/lib/ruby/vendor_ruby/active_support/tagged_logging.rb:68:in `block in tagged'
  /usr/lib/ruby/vendor_ruby/active_support/tagged_logging.rb:26:in `tagged'
  /usr/lib/ruby/vendor_ruby/active_support/tagged_logging.rb:68:in `tagged'
  /usr/lib/ruby/vendor_ruby/rails/rack/logger.rb:20:in `call'
  /usr/lib/ruby/vendor_ruby/action_dispatch/middleware/request_id.rb:21:in `call'
  /usr/lib/ruby/vendor_ruby/rack/methodoverride.rb:22:in `call'
  /usr/lib/ruby/vendor_ruby/rack/runtime.rb:18:in `call'
  /usr/lib/ruby/vendor_ruby/active_support/cache/strategy/local_cache_middleware.rb:28:in `call'
  /usr/lib/ruby/vendor_ruby/rack/lock.rb:17:in `call'
  /usr/lib/ruby/vendor_ruby/action_dispatch/middleware/static.rb:120:in `call'
  /usr/lib/ruby/vendor_ruby/rack/sendfile.rb:113:in `call'
  /usr/lib/ruby/vendor_ruby/rails/engine.rb:518:in `call'
  /usr/lib/ruby/vendor_ruby/rails/application.rb:165:in `call'
  /usr/lib/ruby/vendor_ruby/rack/lock.rb:17:in `call'
  /usr/lib/ruby/vendor_ruby/rack/content_length.rb:15:in `call'
  /usr/lib/ruby/vendor_ruby/rack/handler/webrick.rb:88:in `service'
  /usr/lib/ruby/2.3.0/webrick/httpserver.rb:140:in `service'
  /usr/lib/ruby/2.3.0/webrick/httpserver.rb:96:in `run'
  /usr/lib/ruby/2.3.0/webrick/server.rb:296:in `block in start_thread'


  Rendered /usr/lib/ruby/vendor_ruby/action_dispatch/middleware/templates/rescues/_source.erb (4.9ms)
  Rendered /usr/lib/ruby/vendor_ruby/action_dispatch/middleware/templates/rescues/_trace.html.erb (1.8ms)
  Rendered /usr/lib/ruby/vendor_ruby/action_dispatch/middleware/templates/rescues/_request_and_response.html.erb (0.7ms)
  Rendered /usr/lib/ruby/vendor_ruby/action_dispatch/middleware/templates/rescues/missing_template.html.erb within rescues/layout (17.6ms)
  Rendered /var/lib/gems/2.3.0/gems/web-console-2.3.0/lib/web_console/templates/_markup.html.erb (0.6ms)
  Rendered /var/lib/gems/2.3.0/gems/web-console-2.3.0/lib/web_console/templates/_inner_console_markup.html.erb within layouts/inlined_string (0.2ms)
  Rendered /var/lib/gems/2.3.0/gems/web-console-2.3.0/lib/web_console/templates/_prompt_box_markup.html.erb within layouts/inlined_string (0.4ms)
  Rendered /var/lib/gems/2.3.0/gems/web-console-2.3.0/lib/web_console/templates/style.css.erb within layouts/inlined_string (0.4ms)
  Rendered /var/lib/gems/2.3.0/gems/web-console-2.3.0/lib/web_console/templates/console.js.erb within layouts/javascript (15.5ms)
  Rendered /var/lib/gems/2.3.0/gems/web-console-2.3.0/lib/web_console/templates/main.js.erb within layouts/javascript (0.3ms)
  Rendered /var/lib/gems/2.3.0/gems/web-console-2.3.0/lib/web_console/templates/error_page.js.erb within layouts/javascript (0.4ms)
  Rendered /var/lib/gems/2.3.0/gems/web-console-2.3.0/lib/web_console/templates/index.html.erb (30.5ms)


Started GET "/" for 127.0.0.1 at 2016-08-24 23:25:24 -0400
  [1m[36mActiveRecord::SchemaMigration Load (0.3ms)[0m  [1mSELECT "schema_migrations".* FROM "schema_migrations"[0m
Processing by HomeController#index as HTML
Completed 500 Internal Server Error in 27ms (ActiveRecord: 0.6ms)

ActionView::MissingTemplate (Missing template home/index, application/index with {:locale=>[:en], :formats=>[:html], :variants=>[], :handlers=>[:erb, :builder, :raw, :ruby, :coffee, :jbuilder]}. Searched in:
  * "/media/joseph/B6E67C58E67C1AB7/CodeWork/Chalupa Formal/Chalupa Formal/ChalupaFormal/app/views"
):
  /usr/lib/ruby/vendor_ruby/action_view/path_set.rb:46:in `find'
  /usr/lib/ruby/vendor_ruby/action_view/lookup_context.rb:121:in `find'
  /usr/lib/ruby/vendor_ruby/action_view/renderer/abstract_renderer.rb:18:in `find_template'
  /usr/lib/ruby/vendor_ruby/action_view/renderer/template_renderer.rb:40:in `determine_template'
  /usr/lib/ruby/vendor_ruby/action_view/renderer/template_renderer.rb:8:in `render'
  /usr/lib/ruby/vendor_ruby/action_view/renderer/renderer.rb:46:in `render_template'
  /usr/lib/ruby/vendor_ruby/action_view/renderer/renderer.rb:27:in `render'
  /usr/lib/ruby/vendor_ruby/action_view/rendering.rb:100:in `_render_template'
  /usr/lib/ruby/vendor_ruby/action_controller/metal/streaming.rb:217:in `_render_template'
  /usr/lib/ruby/vendor_ruby/action_view/rendering.rb:83:in `render_to_body'
  /usr/lib/ruby/vendor_ruby/action_controller/metal/rendering.rb:32:in `render_to_body'
  /usr/lib/ruby/vendor_ruby/action_controller/metal/renderers.rb:37:in `render_to_body'
  /usr/lib/ruby/vendor_ruby/abstract_controller/rendering.rb:25:in `render'
  /usr/lib/ruby/vendor_ruby/action_controller/metal/rendering.rb:16:in `render'
  /usr/lib/ruby/vendor_ruby/action_controller/metal/instrumentation.rb:44:in `block (2 levels) in render'
  /usr/lib/ruby/vendor_ruby/active_support/core_ext/benchmark.rb:12:in `block in ms'
  /usr/lib/ruby/2.3.0/benchmark.rb:308:in `realtime'
  /usr/lib/ruby/vendor_ruby/active_support/core_ext/benchmark.rb:12:in `ms'
  /usr/lib/ruby/vendor_ruby/action_controller/metal/instrumentation.rb:44:in `block in render'
  /usr/lib/ruby/vendor_ruby/action_controller/metal/instrumentation.rb:87:in `cleanup_view_runtime'
  activerecord (4.2.6) lib/active_record/railties/controller_runtime.rb:25:in `cleanup_view_runtime'
  /usr/lib/ruby/vendor_ruby/action_controller/metal/instrumentation.rb:43:in `render'
  /usr/lib/ruby/vendor_ruby/action_controller/metal/implicit_render.rb:10:in `default_render'
  /usr/lib/ruby/vendor_ruby/action_controller/metal/implicit_render.rb:5:in `send_action'
  /usr/lib/ruby/vendor_ruby/abstract_controller/base.rb:198:in `process_action'
  /usr/lib/ruby/vendor_ruby/action_controller/metal/rendering.rb:10:in `process_action'
  /usr/lib/ruby/vendor_ruby/abstract_controller/callbacks.rb:20:in `block in process_action'
  /usr/lib/ruby/vendor_ruby/active_support/callbacks.rb:117:in `call'
  /usr/lib/ruby/vendor_ruby/active_support/callbacks.rb:555:in `block (2 levels) in compile'
  /usr/lib/ruby/vendor_ruby/active_support/callbacks.rb:505:in `call'
  /usr/lib/ruby/vendor_ruby/active_support/callbacks.rb:92:in `__run_callbacks__'
  /usr/lib/ruby/vendor_ruby/active_support/callbacks.rb:778:in `_run_process_action_callbacks'
  /usr/lib/ruby/vendor_ruby/active_support/callbacks.rb:81:in `run_callbacks'
  /usr/lib/ruby/vendor_ruby/abstract_controller/callbacks.rb:19:in `process_action'
  /usr/lib/ruby/vendor_ruby/action_controller/metal/rescue.rb:29:in `process_action'
  /usr/lib/ruby/vendor_ruby/action_controller/metal/instrumentation.rb:32:in `block in process_action'
  /usr/lib/ruby/vendor_ruby/active_support/notifications.rb:164:in `block in instrument'
  /usr/lib/ruby/vendor_ruby/active_support/notifications/instrumenter.rb:20:in `instrument'
  /usr/lib/ruby/vendor_ruby/active_support/notifications.rb:164:in `instrument'
  /usr/lib/ruby/vendor_ruby/action_controller/metal/instrumentation.rb:30:in `process_action'
  /usr/lib/ruby/vendor_ruby/action_controller/metal/params_wrapper.rb:250:in `process_action'
  activerecord (4.2.6) lib/active_record/railties/controller_runtime.rb:18:in `process_action'
  /usr/lib/ruby/vendor_ruby/abstract_controller/base.rb:137:in `process'
  /usr/lib/ruby/vendor_ruby/action_view/rendering.rb:30:in `process'
  /usr/lib/ruby/vendor_ruby/action_controller/metal.rb:196:in `dispatch'
  /usr/lib/ruby/vendor_ruby/action_controller/metal/rack_delegation.rb:13:in `dispatch'
  /usr/lib/ruby/vendor_ruby/action_controller/metal.rb:237:in `block in action'
  /usr/lib/ruby/vendor_ruby/action_dispatch/routing/route_set.rb:74:in `dispatch'
  /usr/lib/ruby/vendor_ruby/action_dispatch/routing/route_set.rb:43:in `serve'
  /usr/lib/ruby/vendor_ruby/action_dispatch/journey/router.rb:43:in `block in serve'
  /usr/lib/ruby/vendor_ruby/action_dispatch/journey/router.rb:30:in `each'
  /usr/lib/ruby/vendor_ruby/action_dispatch/journey/router.rb:30:in `serve'
  /usr/lib/ruby/vendor_ruby/action_dispatch/routing/route_set.rb:817:in `call'
  /usr/lib/ruby/vendor_ruby/rack/etag.rb:24:in `call'
  /usr/lib/ruby/vendor_ruby/rack/conditionalget.rb:25:in `call'
  /usr/lib/ruby/vendor_ruby/rack/head.rb:13:in `call'
  /usr/lib/ruby/vendor_ruby/action_dispatch/middleware/params_parser.rb:27:in `call'
  /usr/lib/ruby/vendor_ruby/action_dispatch/middleware/flash.rb:260:in `call'
  /usr/lib/ruby/vendor_ruby/rack/session/abstract/id.rb:225:in `context'
  /usr/lib/ruby/vendor_ruby/rack/session/abstract/id.rb:220:in `call'
  /usr/lib/ruby/vendor_ruby/action_dispatch/middleware/cookies.rb:560:in `call'
  activerecord (4.2.6) lib/active_record/query_cache.rb:36:in `call'
  activerecord (4.2.6) lib/active_record/connection_adapters/abstract/connection_pool.rb:653:in `call'
  activerecord (4.2.6) lib/active_record/migration.rb:377:in `call'
  /usr/lib/ruby/vendor_ruby/action_dispatch/middleware/callbacks.rb:29:in `block in call'
  /usr/lib/ruby/vendor_ruby/active_support/callbacks.rb:88:in `__run_callbacks__'
  /usr/lib/ruby/vendor_ruby/active_support/callbacks.rb:778:in `_run_call_callbacks'
  /usr/lib/ruby/vendor_ruby/active_support/callbacks.rb:81:in `run_callbacks'
  /usr/lib/ruby/vendor_ruby/action_dispatch/middleware/callbacks.rb:27:in `call'
  /usr/lib/ruby/vendor_ruby/action_dispatch/middleware/reloader.rb:73:in `call'
  /usr/lib/ruby/vendor_ruby/action_dispatch/middleware/remote_ip.rb:78:in `call'
  /usr/lib/ruby/vendor_ruby/action_dispatch/middleware/debug_exceptions.rb:17:in `call'
  web-console (2.3.0) lib/web_console/middleware.rb:28:in `block in call'
  web-console (2.3.0) lib/web_console/middleware.rb:18:in `catch'
  web-console (2.3.0) lib/web_console/middleware.rb:18:in `call'
  /usr/lib/ruby/vendor_ruby/action_dispatch/middleware/show_exceptions.rb:30:in `call'
  /usr/lib/ruby/vendor_ruby/rails/rack/logger.rb:38:in `call_app'
  /usr/lib/ruby/vendor_ruby/rails/rack/logger.rb:20:in `block in call'
  /usr/lib/ruby/vendor_ruby/active_support/tagged_logging.rb:68:in `block in tagged'
  /usr/lib/ruby/vendor_ruby/active_support/tagged_logging.rb:26:in `tagged'
  /usr/lib/ruby/vendor_ruby/active_support/tagged_logging.rb:68:in `tagged'
  /usr/lib/ruby/vendor_ruby/rails/rack/logger.rb:20:in `call'
  /usr/lib/ruby/vendor_ruby/action_dispatch/middleware/request_id.rb:21:in `call'
  /usr/lib/ruby/vendor_ruby/rack/methodoverride.rb:22:in `call'
  /usr/lib/ruby/vendor_ruby/rack/runtime.rb:18:in `call'
  /usr/lib/ruby/vendor_ruby/active_support/cache/strategy/local_cache_middleware.rb:28:in `call'
  /usr/lib/ruby/vendor_ruby/rack/lock.rb:17:in `call'
  /usr/lib/ruby/vendor_ruby/action_dispatch/middleware/static.rb:120:in `call'
  /usr/lib/ruby/vendor_ruby/rack/sendfile.rb:113:in `call'
  /usr/lib/ruby/vendor_ruby/rails/engine.rb:518:in `call'
  /usr/lib/ruby/vendor_ruby/rails/application.rb:165:in `call'
  /usr/lib/ruby/vendor_ruby/rack/lock.rb:17:in `call'
  /usr/lib/ruby/vendor_ruby/rack/content_length.rb:15:in `call'
  /usr/lib/ruby/vendor_ruby/rack/handler/webrick.rb:88:in `service'
  /usr/lib/ruby/2.3.0/webrick/httpserver.rb:140:in `service'
  /usr/lib/ruby/2.3.0/webrick/httpserver.rb:96:in `run'
  /usr/lib/ruby/2.3.0/webrick/server.rb:296:in `block in start_thread'


  Rendered /usr/lib/ruby/vendor_ruby/action_dispatch/middleware/templates/rescues/_source.erb (4.2ms)
  Rendered /usr/lib/ruby/vendor_ruby/action_dispatch/middleware/templates/rescues/_trace.html.erb (1.8ms)
  Rendered /usr/lib/ruby/vendor_ruby/action_dispatch/middleware/templates/rescues/_request_and_response.html.erb (1.0ms)
  Rendered /usr/lib/ruby/vendor_ruby/action_dispatch/middleware/templates/rescues/missing_template.html.erb within rescues/layout (18.4ms)
  Rendered /var/lib/gems/2.3.0/gems/web-console-2.3.0/lib/web_console/templates/_markup.html.erb (0.3ms)
  Rendered /var/lib/gems/2.3.0/gems/web-console-2.3.0/lib/web_console/templates/_inner_console_markup.html.erb within layouts/inlined_string (0.3ms)
  Rendered /var/lib/gems/2.3.0/gems/web-console-2.3.0/lib/web_console/templates/_prompt_box_markup.html.erb within layouts/inlined_string (0.3ms)
  Rendered /var/lib/gems/2.3.0/gems/web-console-2.3.0/lib/web_console/templates/style.css.erb within layouts/inlined_string (0.3ms)
  Rendered /var/lib/gems/2.3.0/gems/web-console-2.3.0/lib/web_console/templates/console.js.erb within layouts/javascript (15.8ms)
  Rendered /var/lib/gems/2.3.0/gems/web-console-2.3.0/lib/web_console/templates/main.js.erb within layouts/javascript (0.3ms)
  Rendered /var/lib/gems/2.3.0/gems/web-console-2.3.0/lib/web_console/templates/error_page.js.erb within layouts/javascript (0.4ms)
  Rendered /var/lib/gems/2.3.0/gems/web-console-2.3.0/lib/web_console/templates/index.html.erb (28.6ms)


Started GET "/" for 127.0.0.1 at 2016-08-24 23:25:27 -0400
Processing by HomeController#index as HTML
Completed 500 Internal Server Error in 4ms (ActiveRecord: 0.0ms)

ActionView::MissingTemplate (Missing template home/index, application/index with {:locale=>[:en], :formats=>[:html], :variants=>[], :handlers=>[:erb, :builder, :raw, :ruby, :coffee, :jbuilder]}. Searched in:
  * "/media/joseph/B6E67C58E67C1AB7/CodeWork/Chalupa Formal/Chalupa Formal/ChalupaFormal/app/views"
):
  /usr/lib/ruby/vendor_ruby/action_view/path_set.rb:46:in `find'
  /usr/lib/ruby/vendor_ruby/action_view/lookup_context.rb:121:in `find'
  /usr/lib/ruby/vendor_ruby/action_view/renderer/abstract_renderer.rb:18:in `find_template'
  /usr/lib/ruby/vendor_ruby/action_view/renderer/template_renderer.rb:40:in `determine_template'
  /usr/lib/ruby/vendor_ruby/action_view/renderer/template_renderer.rb:8:in `render'
  /usr/lib/ruby/vendor_ruby/action_view/renderer/renderer.rb:46:in `render_template'
  /usr/lib/ruby/vendor_ruby/action_view/renderer/renderer.rb:27:in `render'
  /usr/lib/ruby/vendor_ruby/action_view/rendering.rb:100:in `_render_template'
  /usr/lib/ruby/vendor_ruby/action_controller/metal/streaming.rb:217:in `_render_template'
  /usr/lib/ruby/vendor_ruby/action_view/rendering.rb:83:in `render_to_body'
  /usr/lib/ruby/vendor_ruby/action_controller/metal/rendering.rb:32:in `render_to_body'
  /usr/lib/ruby/vendor_ruby/action_controller/metal/renderers.rb:37:in `render_to_body'
  /usr/lib/ruby/vendor_ruby/abstract_controller/rendering.rb:25:in `render'
  /usr/lib/ruby/vendor_ruby/action_controller/metal/rendering.rb:16:in `render'
  /usr/lib/ruby/vendor_ruby/action_controller/metal/instrumentation.rb:44:in `block (2 levels) in render'
  /usr/lib/ruby/vendor_ruby/active_support/core_ext/benchmark.rb:12:in `block in ms'
  /usr/lib/ruby/2.3.0/benchmark.rb:308:in `realtime'
  /usr/lib/ruby/vendor_ruby/active_support/core_ext/benchmark.rb:12:in `ms'
  /usr/lib/ruby/vendor_ruby/action_controller/metal/instrumentation.rb:44:in `block in render'
  /usr/lib/ruby/vendor_ruby/action_controller/metal/instrumentation.rb:87:in `cleanup_view_runtime'
  activerecord (4.2.6) lib/active_record/railties/controller_runtime.rb:25:in `cleanup_view_runtime'
  /usr/lib/ruby/vendor_ruby/action_controller/metal/instrumentation.rb:43:in `render'
  /usr/lib/ruby/vendor_ruby/action_controller/metal/implicit_render.rb:10:in `default_render'
  /usr/lib/ruby/vendor_ruby/action_controller/metal/implicit_render.rb:5:in `send_action'
  /usr/lib/ruby/vendor_ruby/abstract_controller/base.rb:198:in `process_action'
  /usr/lib/ruby/vendor_ruby/action_controller/metal/rendering.rb:10:in `process_action'
  /usr/lib/ruby/vendor_ruby/abstract_controller/callbacks.rb:20:in `block in process_action'
  /usr/lib/ruby/vendor_ruby/active_support/callbacks.rb:117:in `call'
  /usr/lib/ruby/vendor_ruby/active_support/callbacks.rb:555:in `block (2 levels) in compile'
  /usr/lib/ruby/vendor_ruby/active_support/callbacks.rb:505:in `call'
  /usr/lib/ruby/vendor_ruby/active_support/callbacks.rb:92:in `__run_callbacks__'
  /usr/lib/ruby/vendor_ruby/active_support/callbacks.rb:778:in `_run_process_action_callbacks'
  /usr/lib/ruby/vendor_ruby/active_support/callbacks.rb:81:in `run_callbacks'
  /usr/lib/ruby/vendor_ruby/abstract_controller/callbacks.rb:19:in `process_action'
  /usr/lib/ruby/vendor_ruby/action_controller/metal/rescue.rb:29:in `process_action'
  /usr/lib/ruby/vendor_ruby/action_controller/metal/instrumentation.rb:32:in `block in process_action'
  /usr/lib/ruby/vendor_ruby/active_support/notifications.rb:164:in `block in instrument'
  /usr/lib/ruby/vendor_ruby/active_support/notifications/instrumenter.rb:20:in `instrument'
  /usr/lib/ruby/vendor_ruby/active_support/notifications.rb:164:in `instrument'
  /usr/lib/ruby/vendor_ruby/action_controller/metal/instrumentation.rb:30:in `process_action'
  /usr/lib/ruby/vendor_ruby/action_controller/metal/params_wrapper.rb:250:in `process_action'
  activerecord (4.2.6) lib/active_record/railties/controller_runtime.rb:18:in `process_action'
  /usr/lib/ruby/vendor_ruby/abstract_controller/base.rb:137:in `process'
  /usr/lib/ruby/vendor_ruby/action_view/rendering.rb:30:in `process'
  /usr/lib/ruby/vendor_ruby/action_controller/metal.rb:196:in `dispatch'
  /usr/lib/ruby/vendor_ruby/action_controller/metal/rack_delegation.rb:13:in `dispatch'
  /usr/lib/ruby/vendor_ruby/action_controller/metal.rb:237:in `block in action'
  /usr/lib/ruby/vendor_ruby/action_dispatch/routing/route_set.rb:74:in `dispatch'
  /usr/lib/ruby/vendor_ruby/action_dispatch/routing/route_set.rb:43:in `serve'
  /usr/lib/ruby/vendor_ruby/action_dispatch/journey/router.rb:43:in `block in serve'
  /usr/lib/ruby/vendor_ruby/action_dispatch/journey/router.rb:30:in `each'
  /usr/lib/ruby/vendor_ruby/action_dispatch/journey/router.rb:30:in `serve'
  /usr/lib/ruby/vendor_ruby/action_dispatch/routing/route_set.rb:817:in `call'
  /usr/lib/ruby/vendor_ruby/rack/etag.rb:24:in `call'
  /usr/lib/ruby/vendor_ruby/rack/conditionalget.rb:25:in `call'
  /usr/lib/ruby/vendor_ruby/rack/head.rb:13:in `call'
  /usr/lib/ruby/vendor_ruby/action_dispatch/middleware/params_parser.rb:27:in `call'
  /usr/lib/ruby/vendor_ruby/action_dispatch/middleware/flash.rb:260:in `call'
  /usr/lib/ruby/vendor_ruby/rack/session/abstract/id.rb:225:in `context'
  /usr/lib/ruby/vendor_ruby/rack/session/abstract/id.rb:220:in `call'
  /usr/lib/ruby/vendor_ruby/action_dispatch/middleware/cookies.rb:560:in `call'
  activerecord (4.2.6) lib/active_record/query_cache.rb:36:in `call'
  activerecord (4.2.6) lib/active_record/connection_adapters/abstract/connection_pool.rb:653:in `call'
  activerecord (4.2.6) lib/active_record/migration.rb:377:in `call'
  /usr/lib/ruby/vendor_ruby/action_dispatch/middleware/callbacks.rb:29:in `block in call'
  /usr/lib/ruby/vendor_ruby/active_support/callbacks.rb:88:in `__run_callbacks__'
  /usr/lib/ruby/vendor_ruby/active_support/callbacks.rb:778:in `_run_call_callbacks'
  /usr/lib/ruby/vendor_ruby/active_support/callbacks.rb:81:in `run_callbacks'
  /usr/lib/ruby/vendor_ruby/action_dispatch/middleware/callbacks.rb:27:in `call'
  /usr/lib/ruby/vendor_ruby/action_dispatch/middleware/reloader.rb:73:in `call'
  /usr/lib/ruby/vendor_ruby/action_dispatch/middleware/remote_ip.rb:78:in `call'
  /usr/lib/ruby/vendor_ruby/action_dispatch/middleware/debug_exceptions.rb:17:in `call'
  web-console (2.3.0) lib/web_console/middleware.rb:28:in `block in call'
  web-console (2.3.0) lib/web_console/middleware.rb:18:in `catch'
  web-console (2.3.0) lib/web_console/middleware.rb:18:in `call'
  /usr/lib/ruby/vendor_ruby/action_dispatch/middleware/show_exceptions.rb:30:in `call'
  /usr/lib/ruby/vendor_ruby/rails/rack/logger.rb:38:in `call_app'
  /usr/lib/ruby/vendor_ruby/rails/rack/logger.rb:20:in `block in call'
  /usr/lib/ruby/vendor_ruby/active_support/tagged_logging.rb:68:in `block in tagged'
  /usr/lib/ruby/vendor_ruby/active_support/tagged_logging.rb:26:in `tagged'
  /usr/lib/ruby/vendor_ruby/active_support/tagged_logging.rb:68:in `tagged'
  /usr/lib/ruby/vendor_ruby/rails/rack/logger.rb:20:in `call'
  /usr/lib/ruby/vendor_ruby/action_dispatch/middleware/request_id.rb:21:in `call'
  /usr/lib/ruby/vendor_ruby/rack/methodoverride.rb:22:in `call'
  /usr/lib/ruby/vendor_ruby/rack/runtime.rb:18:in `call'
  /usr/lib/ruby/vendor_ruby/active_support/cache/strategy/local_cache_middleware.rb:28:in `call'
  /usr/lib/ruby/vendor_ruby/rack/lock.rb:17:in `call'
  /usr/lib/ruby/vendor_ruby/action_dispatch/middleware/static.rb:120:in `call'
  /usr/lib/ruby/vendor_ruby/rack/sendfile.rb:113:in `call'
  /usr/lib/ruby/vendor_ruby/rails/engine.rb:518:in `call'
  /usr/lib/ruby/vendor_ruby/rails/application.rb:165:in `call'
  /usr/lib/ruby/vendor_ruby/rack/lock.rb:17:in `call'
  /usr/lib/ruby/vendor_ruby/rack/content_length.rb:15:in `call'
  /usr/lib/ruby/vendor_ruby/rack/handler/webrick.rb:88:in `service'
  /usr/lib/ruby/2.3.0/webrick/httpserver.rb:140:in `service'
  /usr/lib/ruby/2.3.0/webrick/httpserver.rb:96:in `run'
  /usr/lib/ruby/2.3.0/webrick/server.rb:296:in `block in start_thread'


  Rendered /usr/lib/ruby/vendor_ruby/action_dispatch/middleware/templates/rescues/_source.erb (4.4ms)
  Rendered /usr/lib/ruby/vendor_ruby/action_dispatch/middleware/templates/rescues/_trace.html.erb (1.9ms)
  Rendered /usr/lib/ruby/vendor_ruby/action_dispatch/middleware/templates/rescues/_request_and_response.html.erb (0.8ms)
  Rendered /usr/lib/ruby/vendor_ruby/action_dispatch/middleware/templates/rescues/missing_template.html.erb within rescues/layout (15.6ms)
  Rendered /var/lib/gems/2.3.0/gems/web-console-2.3.0/lib/web_console/templates/_markup.html.erb (0.3ms)
  Rendered /var/lib/gems/2.3.0/gems/web-console-2.3.0/lib/web_console/templates/_inner_console_markup.html.erb within layouts/inlined_string (0.3ms)
  Rendered /var/lib/gems/2.3.0/gems/web-console-2.3.0/lib/web_console/templates/_prompt_box_markup.html.erb within layouts/inlined_string (0.3ms)
  Rendered /var/lib/gems/2.3.0/gems/web-console-2.3.0/lib/web_console/templates/style.css.erb within layouts/inlined_string (0.4ms)
  Rendered /var/lib/gems/2.3.0/gems/web-console-2.3.0/lib/web_console/templates/console.js.erb within layouts/javascript (12.0ms)
  Rendered /var/lib/gems/2.3.0/gems/web-console-2.3.0/lib/web_console/templates/main.js.erb within layouts/javascript (0.3ms)
  Rendered /var/lib/gems/2.3.0/gems/web-console-2.3.0/lib/web_console/templates/error_page.js.erb within layouts/javascript (0.5ms)
  Rendered /var/lib/gems/2.3.0/gems/web-console-2.3.0/lib/web_console/templates/index.html.erb (23.8ms)


Started GET "/" for 127.0.0.1 at 2016-08-24 23:28:00 -0400
  [1m[36mActiveRecord::SchemaMigration Load (0.2ms)[0m  [1mSELECT "schema_migrations".* FROM "schema_migrations"[0m
Processing by HomeController#index as HTML
Completed 500 Internal Server Error in 24ms (ActiveRecord: 0.6ms)

ActionView::MissingTemplate (Missing template home/index, application/index with {:locale=>[:en], :formats=>[:html], :variants=>[], :handlers=>[:erb, :builder, :raw, :ruby, :coffee, :jbuilder]}. Searched in:
  * "/media/joseph/B6E67C58E67C1AB7/CodeWork/Chalupa Formal/Chalupa Formal/ChalupaFormal/app/views"
):
  /usr/lib/ruby/vendor_ruby/action_view/path_set.rb:46:in `find'
  /usr/lib/ruby/vendor_ruby/action_view/lookup_context.rb:121:in `find'
  /usr/lib/ruby/vendor_ruby/action_view/renderer/abstract_renderer.rb:18:in `find_template'
  /usr/lib/ruby/vendor_ruby/action_view/renderer/template_renderer.rb:40:in `determine_template'
  /usr/lib/ruby/vendor_ruby/action_view/renderer/template_renderer.rb:8:in `render'
  /usr/lib/ruby/vendor_ruby/action_view/renderer/renderer.rb:46:in `render_template'
  /usr/lib/ruby/vendor_ruby/action_view/renderer/renderer.rb:27:in `render'
  /usr/lib/ruby/vendor_ruby/action_view/rendering.rb:100:in `_render_template'
  /usr/lib/ruby/vendor_ruby/action_controller/metal/streaming.rb:217:in `_render_template'
  /usr/lib/ruby/vendor_ruby/action_view/rendering.rb:83:in `render_to_body'
  /usr/lib/ruby/vendor_ruby/action_controller/metal/rendering.rb:32:in `render_to_body'
  /usr/lib/ruby/vendor_ruby/action_controller/metal/renderers.rb:37:in `render_to_body'
  /usr/lib/ruby/vendor_ruby/abstract_controller/rendering.rb:25:in `render'
  /usr/lib/ruby/vendor_ruby/action_controller/metal/rendering.rb:16:in `render'
  /usr/lib/ruby/vendor_ruby/action_controller/metal/instrumentation.rb:44:in `block (2 levels) in render'
  /usr/lib/ruby/vendor_ruby/active_support/core_ext/benchmark.rb:12:in `block in ms'
  /usr/lib/ruby/2.3.0/benchmark.rb:308:in `realtime'
  /usr/lib/ruby/vendor_ruby/active_support/core_ext/benchmark.rb:12:in `ms'
  /usr/lib/ruby/vendor_ruby/action_controller/metal/instrumentation.rb:44:in `block in render'
  /usr/lib/ruby/vendor_ruby/action_controller/metal/instrumentation.rb:87:in `cleanup_view_runtime'
  activerecord (4.2.6) lib/active_record/railties/controller_runtime.rb:25:in `cleanup_view_runtime'
  /usr/lib/ruby/vendor_ruby/action_controller/metal/instrumentation.rb:43:in `render'
  /usr/lib/ruby/vendor_ruby/action_controller/metal/implicit_render.rb:10:in `default_render'
  /usr/lib/ruby/vendor_ruby/action_controller/metal/implicit_render.rb:5:in `send_action'
  /usr/lib/ruby/vendor_ruby/abstract_controller/base.rb:198:in `process_action'
  /usr/lib/ruby/vendor_ruby/action_controller/metal/rendering.rb:10:in `process_action'
  /usr/lib/ruby/vendor_ruby/abstract_controller/callbacks.rb:20:in `block in process_action'
  /usr/lib/ruby/vendor_ruby/active_support/callbacks.rb:117:in `call'
  /usr/lib/ruby/vendor_ruby/active_support/callbacks.rb:555:in `block (2 levels) in compile'
  /usr/lib/ruby/vendor_ruby/active_support/callbacks.rb:505:in `call'
  /usr/lib/ruby/vendor_ruby/active_support/callbacks.rb:92:in `__run_callbacks__'
  /usr/lib/ruby/vendor_ruby/active_support/callbacks.rb:778:in `_run_process_action_callbacks'
  /usr/lib/ruby/vendor_ruby/active_support/callbacks.rb:81:in `run_callbacks'
  /usr/lib/ruby/vendor_ruby/abstract_controller/callbacks.rb:19:in `process_action'
  /usr/lib/ruby/vendor_ruby/action_controller/metal/rescue.rb:29:in `process_action'
  /usr/lib/ruby/vendor_ruby/action_controller/metal/instrumentation.rb:32:in `block in process_action'
  /usr/lib/ruby/vendor_ruby/active_support/notifications.rb:164:in `block in instrument'
  /usr/lib/ruby/vendor_ruby/active_support/notifications/instrumenter.rb:20:in `instrument'
  /usr/lib/ruby/vendor_ruby/active_support/notifications.rb:164:in `instrument'
  /usr/lib/ruby/vendor_ruby/action_controller/metal/instrumentation.rb:30:in `process_action'
  /usr/lib/ruby/vendor_ruby/action_controller/metal/params_wrapper.rb:250:in `process_action'
  activerecord (4.2.6) lib/active_record/railties/controller_runtime.rb:18:in `process_action'
  /usr/lib/ruby/vendor_ruby/abstract_controller/base.rb:137:in `process'
  /usr/lib/ruby/vendor_ruby/action_view/rendering.rb:30:in `process'
  /usr/lib/ruby/vendor_ruby/action_controller/metal.rb:196:in `dispatch'
  /usr/lib/ruby/vendor_ruby/action_controller/metal/rack_delegation.rb:13:in `dispatch'
  /usr/lib/ruby/vendor_ruby/action_controller/metal.rb:237:in `block in action'
  /usr/lib/ruby/vendor_ruby/action_dispatch/routing/route_set.rb:74:in `dispatch'
  /usr/lib/ruby/vendor_ruby/action_dispatch/routing/route_set.rb:43:in `serve'
  /usr/lib/ruby/vendor_ruby/action_dispatch/journey/router.rb:43:in `block in serve'
  /usr/lib/ruby/vendor_ruby/action_dispatch/journey/router.rb:30:in `each'
  /usr/lib/ruby/vendor_ruby/action_dispatch/journey/router.rb:30:in `serve'
  /usr/lib/ruby/vendor_ruby/action_dispatch/routing/route_set.rb:817:in `call'
  /usr/lib/ruby/vendor_ruby/rack/etag.rb:24:in `call'
  /usr/lib/ruby/vendor_ruby/rack/conditionalget.rb:25:in `call'
  /usr/lib/ruby/vendor_ruby/rack/head.rb:13:in `call'
  /usr/lib/ruby/vendor_ruby/action_dispatch/middleware/params_parser.rb:27:in `call'
  /usr/lib/ruby/vendor_ruby/action_dispatch/middleware/flash.rb:260:in `call'
  /usr/lib/ruby/vendor_ruby/rack/session/abstract/id.rb:225:in `context'
  /usr/lib/ruby/vendor_ruby/rack/session/abstract/id.rb:220:in `call'
  /usr/lib/ruby/vendor_ruby/action_dispatch/middleware/cookies.rb:560:in `call'
  activerecord (4.2.6) lib/active_record/query_cache.rb:36:in `call'
  activerecord (4.2.6) lib/active_record/connection_adapters/abstract/connection_pool.rb:653:in `call'
  activerecord (4.2.6) lib/active_record/migration.rb:377:in `call'
  /usr/lib/ruby/vendor_ruby/action_dispatch/middleware/callbacks.rb:29:in `block in call'
  /usr/lib/ruby/vendor_ruby/active_support/callbacks.rb:88:in `__run_callbacks__'
  /usr/lib/ruby/vendor_ruby/active_support/callbacks.rb:778:in `_run_call_callbacks'
  /usr/lib/ruby/vendor_ruby/active_support/callbacks.rb:81:in `run_callbacks'
  /usr/lib/ruby/vendor_ruby/action_dispatch/middleware/callbacks.rb:27:in `call'
  /usr/lib/ruby/vendor_ruby/action_dispatch/middleware/reloader.rb:73:in `call'
  /usr/lib/ruby/vendor_ruby/action_dispatch/middleware/remote_ip.rb:78:in `call'
  /usr/lib/ruby/vendor_ruby/action_dispatch/middleware/debug_exceptions.rb:17:in `call'
  web-console (2.3.0) lib/web_console/middleware.rb:28:in `block in call'
  web-console (2.3.0) lib/web_console/middleware.rb:18:in `catch'
  web-console (2.3.0) lib/web_console/middleware.rb:18:in `call'
  /usr/lib/ruby/vendor_ruby/action_dispatch/middleware/show_exceptions.rb:30:in `call'
  /usr/lib/ruby/vendor_ruby/rails/rack/logger.rb:38:in `call_app'
  /usr/lib/ruby/vendor_ruby/rails/rack/logger.rb:20:in `block in call'
  /usr/lib/ruby/vendor_ruby/active_support/tagged_logging.rb:68:in `block in tagged'
  /usr/lib/ruby/vendor_ruby/active_support/tagged_logging.rb:26:in `tagged'
  /usr/lib/ruby/vendor_ruby/active_support/tagged_logging.rb:68:in `tagged'
  /usr/lib/ruby/vendor_ruby/rails/rack/logger.rb:20:in `call'
  /usr/lib/ruby/vendor_ruby/action_dispatch/middleware/request_id.rb:21:in `call'
  /usr/lib/ruby/vendor_ruby/rack/methodoverride.rb:22:in `call'
  /usr/lib/ruby/vendor_ruby/rack/runtime.rb:18:in `call'
  /usr/lib/ruby/vendor_ruby/active_support/cache/strategy/local_cache_middleware.rb:28:in `call'
  /usr/lib/ruby/vendor_ruby/rack/lock.rb:17:in `call'
  /usr/lib/ruby/vendor_ruby/action_dispatch/middleware/static.rb:120:in `call'
  /usr/lib/ruby/vendor_ruby/rack/sendfile.rb:113:in `call'
  /usr/lib/ruby/vendor_ruby/rails/engine.rb:518:in `call'
  /usr/lib/ruby/vendor_ruby/rails/application.rb:165:in `call'
  /usr/lib/ruby/vendor_ruby/rack/lock.rb:17:in `call'
  /usr/lib/ruby/vendor_ruby/rack/content_length.rb:15:in `call'
  /usr/lib/ruby/vendor_ruby/rack/handler/webrick.rb:88:in `service'
  /usr/lib/ruby/2.3.0/webrick/httpserver.rb:140:in `service'
  /usr/lib/ruby/2.3.0/webrick/httpserver.rb:96:in `run'
  /usr/lib/ruby/2.3.0/webrick/server.rb:296:in `block in start_thread'


  Rendered /usr/lib/ruby/vendor_ruby/action_dispatch/middleware/templates/rescues/_source.erb (4.5ms)
  Rendered /usr/lib/ruby/vendor_ruby/action_dispatch/middleware/templates/rescues/_trace.html.erb (1.8ms)
  Rendered /usr/lib/ruby/vendor_ruby/action_dispatch/middleware/templates/rescues/_request_and_response.html.erb (0.7ms)
  Rendered /usr/lib/ruby/vendor_ruby/action_dispatch/middleware/templates/rescues/missing_template.html.erb within rescues/layout (16.7ms)
  Rendered /var/lib/gems/2.3.0/gems/web-console-2.3.0/lib/web_console/templates/_markup.html.erb (0.3ms)
  Rendered /var/lib/gems/2.3.0/gems/web-console-2.3.0/lib/web_console/templates/_inner_console_markup.html.erb within layouts/inlined_string (0.3ms)
  Rendered /var/lib/gems/2.3.0/gems/web-console-2.3.0/lib/web_console/templates/_prompt_box_markup.html.erb within layouts/inlined_string (0.3ms)
  Rendered /var/lib/gems/2.3.0/gems/web-console-2.3.0/lib/web_console/templates/style.css.erb within layouts/inlined_string (0.3ms)
  Rendered /var/lib/gems/2.3.0/gems/web-console-2.3.0/lib/web_console/templates/console.js.erb within layouts/javascript (14.4ms)
  Rendered /var/lib/gems/2.3.0/gems/web-console-2.3.0/lib/web_console/templates/main.js.erb within layouts/javascript (0.3ms)
  Rendered /var/lib/gems/2.3.0/gems/web-console-2.3.0/lib/web_console/templates/error_page.js.erb within layouts/javascript (0.3ms)
  Rendered /var/lib/gems/2.3.0/gems/web-console-2.3.0/lib/web_console/templates/index.html.erb (27.7ms)


Started GET "/" for 127.0.0.1 at 2016-08-24 23:29:00 -0400
Processing by HomeController#index as HTML
  Rendered home/index.html.erb within layouts/application (1384.3ms)
Completed 200 OK in 1461ms (Views: 1460.2ms | ActiveRecord: 0.0ms)


Started GET "/assets/style.self-4d9ee3fea57ec3510c1343abf6a89b2defad53bdfad1b5be84e43affbd1f5fab.css?body=1" for 127.0.0.1 at 2016-08-24 23:29:01 -0400


Started GET "/assets/application.self-e80e8f2318043e8af94dddc2adad5a4f09739a8ebb323b3ab31cd71d45fd9113.css?body=1" for 127.0.0.1 at 2016-08-24 23:29:01 -0400


Started GET "/assets/jquery_ujs.self-e87806d0cf4489aeb1bb7288016024e8de67fd18db693fe026fe3907581e53cd.js?body=1" for 127.0.0.1 at 2016-08-24 23:29:01 -0400


Started GET "/assets/jquery.self-660adc51e0224b731d29f575a6f1ec167ba08ad06ed5deca4f1e8654c135bf4c.js?body=1" for 127.0.0.1 at 2016-08-24 23:29:01 -0400


Started GET "/assets/turbolinks.self-c5acd7a204f5f25ce7a1d8a0e4d92e28d34c9e2df2c7371cd7af88e147e4ad82.js?body=1" for 127.0.0.1 at 2016-08-24 23:29:02 -0400


Started GET "/assets/chalupa.self-02ea198b671b7120d64c09d75eaa1af5ae5f540caa3687967f48f34e700bea44.js?body=1" for 127.0.0.1 at 2016-08-24 23:29:02 -0400


Started GET "/style.css" for 127.0.0.1 at 2016-08-24 23:29:02 -0400

ActionController::RoutingError (No route matches [GET] "/style.css"):
  /usr/lib/ruby/vendor_ruby/action_dispatch/middleware/debug_exceptions.rb:21:in `call'
  web-console (2.3.0) lib/web_console/middleware.rb:28:in `block in call'
  web-console (2.3.0) lib/web_console/middleware.rb:18:in `catch'
  web-console (2.3.0) lib/web_console/middleware.rb:18:in `call'
  /usr/lib/ruby/vendor_ruby/action_dispatch/middleware/show_exceptions.rb:30:in `call'
  /usr/lib/ruby/vendor_ruby/rails/rack/logger.rb:38:in `call_app'
  /usr/lib/ruby/vendor_ruby/rails/rack/logger.rb:20:in `block in call'
  /usr/lib/ruby/vendor_ruby/active_support/tagged_logging.rb:68:in `block in tagged'
  /usr/lib/ruby/vendor_ruby/active_support/tagged_logging.rb:26:in `tagged'
  /usr/lib/ruby/vendor_ruby/active_support/tagged_logging.rb:68:in `tagged'
  /usr/lib/ruby/vendor_ruby/rails/rack/logger.rb:20:in `call'
  /usr/lib/ruby/vendor_ruby/action_dispatch/middleware/request_id.rb:21:in `call'
  /usr/lib/ruby/vendor_ruby/rack/methodoverride.rb:22:in `call'
  /usr/lib/ruby/vendor_ruby/rack/runtime.rb:18:in `call'
  /usr/lib/ruby/vendor_ruby/active_support/cache/strategy/local_cache_middleware.rb:28:in `call'
  /usr/lib/ruby/vendor_ruby/rack/lock.rb:17:in `call'
  /usr/lib/ruby/vendor_ruby/action_dispatch/middleware/static.rb:120:in `call'
  /usr/lib/ruby/vendor_ruby/rack/sendfile.rb:113:in `call'
  /usr/lib/ruby/vendor_ruby/rails/engine.rb:518:in `call'
  /usr/lib/ruby/vendor_ruby/rails/application.rb:165:in `call'
  /usr/lib/ruby/vendor_ruby/rack/lock.rb:17:in `call'
  /usr/lib/ruby/vendor_ruby/rack/content_length.rb:15:in `call'
  /usr/lib/ruby/vendor_ruby/rack/handler/webrick.rb:88:in `service'
  /usr/lib/ruby/2.3.0/webrick/httpserver.rb:140:in `service'
  /usr/lib/ruby/2.3.0/webrick/httpserver.rb:96:in `run'
  /usr/lib/ruby/2.3.0/webrick/server.rb:296:in `block in start_thread'


  Rendered /usr/lib/ruby/vendor_ruby/action_dispatch/middleware/templates/rescues/_trace.html.erb (1.7ms)
  Rendered /usr/lib/ruby/vendor_ruby/action_dispatch/middleware/templates/routes/_route.html.erb (1.0ms)
  Rendered /usr/lib/ruby/vendor_ruby/action_dispatch/middleware/templates/routes/_table.html.erb (3.4ms)
  Rendered /usr/lib/ruby/vendor_ruby/action_dispatch/middleware/templates/rescues/_request_and_response.html.erb (1.7ms)
  Rendered /usr/lib/ruby/vendor_ruby/action_dispatch/middleware/templates/rescues/routing_error.html.erb within rescues/layout (20.6ms)
  Rendered /var/lib/gems/2.3.0/gems/web-console-2.3.0/lib/web_console/templates/_markup.html.erb (0.4ms)
  Rendered /var/lib/gems/2.3.0/gems/web-console-2.3.0/lib/web_console/templates/_inner_console_markup.html.erb within layouts/inlined_string (0.3ms)
  Rendered /var/lib/gems/2.3.0/gems/web-console-2.3.0/lib/web_console/templates/_prompt_box_markup.html.erb within layouts/inlined_string (0.3ms)
  Rendered /var/lib/gems/2.3.0/gems/web-console-2.3.0/lib/web_console/templates/style.css.erb within layouts/inlined_string (0.3ms)
  Rendered /var/lib/gems/2.3.0/gems/web-console-2.3.0/lib/web_console/templates/console.js.erb within layouts/javascript (14.0ms)
  Rendered /var/lib/gems/2.3.0/gems/web-console-2.3.0/lib/web_console/templates/main.js.erb within layouts/javascript (0.3ms)
  Rendered /var/lib/gems/2.3.0/gems/web-console-2.3.0/lib/web_console/templates/error_page.js.erb within layouts/javascript (0.4ms)
  Rendered /var/lib/gems/2.3.0/gems/web-console-2.3.0/lib/web_console/templates/index.html.erb (25.8ms)


Started GET "/assets/messages.self-877aef30ae1b040ab8a3aba4e3e309a11d7f2612f44dde450b5c157aa5f95c05.js?body=1" for 127.0.0.1 at 2016-08-24 23:29:02 -0400


Started GET "/assets/home.self-877aef30ae1b040ab8a3aba4e3e309a11d7f2612f44dde450b5c157aa5f95c05.js?body=1" for 127.0.0.1 at 2016-08-24 23:29:02 -0400


Started GET "/assets/users.self-877aef30ae1b040ab8a3aba4e3e309a11d7f2612f44dde450b5c157aa5f95c05.js?body=1" for 127.0.0.1 at 2016-08-24 23:29:02 -0400


Started GET "/assets/application.self-f8806224e027f3e3f0138ea9ce99319e298dfdb323304d1f1be6eae8e8c74724.js?body=1" for 127.0.0.1 at 2016-08-24 23:29:02 -0400


Started GET "/chalupa.js" for 127.0.0.1 at 2016-08-24 23:29:02 -0400

ActionController::RoutingError (No route matches [GET] "/chalupa.js"):
  /usr/lib/ruby/vendor_ruby/action_dispatch/middleware/debug_exceptions.rb:21:in `call'
  web-console (2.3.0) lib/web_console/middleware.rb:28:in `block in call'
  web-console (2.3.0) lib/web_console/middleware.rb:18:in `catch'
  web-console (2.3.0) lib/web_console/middleware.rb:18:in `call'
  /usr/lib/ruby/vendor_ruby/action_dispatch/middleware/show_exceptions.rb:30:in `call'
  /usr/lib/ruby/vendor_ruby/rails/rack/logger.rb:38:in `call_app'
  /usr/lib/ruby/vendor_ruby/rails/rack/logger.rb:20:in `block in call'
  /usr/lib/ruby/vendor_ruby/active_support/tagged_logging.rb:68:in `block in tagged'
  /usr/lib/ruby/vendor_ruby/active_support/tagged_logging.rb:26:in `tagged'
  /usr/lib/ruby/vendor_ruby/active_support/tagged_logging.rb:68:in `tagged'
  /usr/lib/ruby/vendor_ruby/rails/rack/logger.rb:20:in `call'
  /usr/lib/ruby/vendor_ruby/action_dispatch/middleware/request_id.rb:21:in `call'
  /usr/lib/ruby/vendor_ruby/rack/methodoverride.rb:22:in `call'
  /usr/lib/ruby/vendor_ruby/rack/runtime.rb:18:in `call'
  /usr/lib/ruby/vendor_ruby/active_support/cache/strategy/local_cache_middleware.rb:28:in `call'
  /usr/lib/ruby/vendor_ruby/rack/lock.rb:17:in `call'
  /usr/lib/ruby/vendor_ruby/action_dispatch/middleware/static.rb:120:in `call'
  /usr/lib/ruby/vendor_ruby/rack/sendfile.rb:113:in `call'
  /usr/lib/ruby/vendor_ruby/rails/engine.rb:518:in `call'
  /usr/lib/ruby/vendor_ruby/rails/application.rb:165:in `call'
  /usr/lib/ruby/vendor_ruby/rack/lock.rb:17:in `call'
  /usr/lib/ruby/vendor_ruby/rack/content_length.rb:15:in `call'
  /usr/lib/ruby/vendor_ruby/rack/handler/webrick.rb:88:in `service'
  /usr/lib/ruby/2.3.0/webrick/httpserver.rb:140:in `service'
  /usr/lib/ruby/2.3.0/webrick/httpserver.rb:96:in `run'
  /usr/lib/ruby/2.3.0/webrick/server.rb:296:in `block in start_thread'


  Rendered /usr/lib/ruby/vendor_ruby/action_dispatch/middleware/templates/rescues/_trace.html.erb (1.0ms)
  Rendered /usr/lib/ruby/vendor_ruby/action_dispatch/middleware/templates/routes/_route.html.erb (6.9ms)
  Rendered /usr/lib/ruby/vendor_ruby/action_dispatch/middleware/templates/routes/_table.html.erb (1.0ms)
  Rendered /usr/lib/ruby/vendor_ruby/action_dispatch/middleware/templates/rescues/_request_and_response.html.erb (1.0ms)
  Rendered /usr/lib/ruby/vendor_ruby/action_dispatch/middleware/templates/rescues/routing_error.html.erb within rescues/layout (22.5ms)
  Rendered /var/lib/gems/2.3.0/gems/web-console-2.3.0/lib/web_console/templates/_markup.html.erb (0.2ms)
  Rendered /var/lib/gems/2.3.0/gems/web-console-2.3.0/lib/web_console/templates/_inner_console_markup.html.erb within layouts/inlined_string (0.3ms)
  Rendered /var/lib/gems/2.3.0/gems/web-console-2.3.0/lib/web_console/templates/_prompt_box_markup.html.erb within layouts/inlined_string (0.3ms)
  Rendered /var/lib/gems/2.3.0/gems/web-console-2.3.0/lib/web_console/templates/style.css.erb within layouts/inlined_string (0.4ms)
  Rendered /var/lib/gems/2.3.0/gems/web-console-2.3.0/lib/web_console/templates/console.js.erb within layouts/javascript (11.6ms)
  Rendered /var/lib/gems/2.3.0/gems/web-console-2.3.0/lib/web_console/templates/main.js.erb within layouts/javascript (0.3ms)
  Rendered /var/lib/gems/2.3.0/gems/web-console-2.3.0/lib/web_console/templates/error_page.js.erb within layouts/javascript (0.4ms)
  Rendered /var/lib/gems/2.3.0/gems/web-console-2.3.0/lib/web_console/templates/index.html.erb (22.8ms)


Started GET "/style.css" for 127.0.0.1 at 2016-08-24 23:29:02 -0400

ActionController::RoutingError (No route matches [GET] "/style.css"):
  /usr/lib/ruby/vendor_ruby/action_dispatch/middleware/debug_exceptions.rb:21:in `call'
  web-console (2.3.0) lib/web_console/middleware.rb:28:in `block in call'
  web-console (2.3.0) lib/web_console/middleware.rb:18:in `catch'
  web-console (2.3.0) lib/web_console/middleware.rb:18:in `call'
  /usr/lib/ruby/vendor_ruby/action_dispatch/middleware/show_exceptions.rb:30:in `call'
  /usr/lib/ruby/vendor_ruby/rails/rack/logger.rb:38:in `call_app'
  /usr/lib/ruby/vendor_ruby/rails/rack/logger.rb:20:in `block in call'
  /usr/lib/ruby/vendor_ruby/active_support/tagged_logging.rb:68:in `block in tagged'
  /usr/lib/ruby/vendor_ruby/active_support/tagged_logging.rb:26:in `tagged'
  /usr/lib/ruby/vendor_ruby/active_support/tagged_logging.rb:68:in `tagged'
  /usr/lib/ruby/vendor_ruby/rails/rack/logger.rb:20:in `call'
  /usr/lib/ruby/vendor_ruby/action_dispatch/middleware/request_id.rb:21:in `call'
  /usr/lib/ruby/vendor_ruby/rack/methodoverride.rb:22:in `call'
  /usr/lib/ruby/vendor_ruby/rack/runtime.rb:18:in `call'
  /usr/lib/ruby/vendor_ruby/active_support/cache/strategy/local_cache_middleware.rb:28:in `call'
  /usr/lib/ruby/vendor_ruby/rack/lock.rb:17:in `call'
  /usr/lib/ruby/vendor_ruby/action_dispatch/middleware/static.rb:120:in `call'
  /usr/lib/ruby/vendor_ruby/rack/sendfile.rb:113:in `call'
  /usr/lib/ruby/vendor_ruby/rails/engine.rb:518:in `call'
  /usr/lib/ruby/vendor_ruby/rails/application.rb:165:in `call'
  /usr/lib/ruby/vendor_ruby/rack/lock.rb:17:in `call'
  /usr/lib/ruby/vendor_ruby/rack/content_length.rb:15:in `call'
  /usr/lib/ruby/vendor_ruby/rack/handler/webrick.rb:88:in `service'
  /usr/lib/ruby/2.3.0/webrick/httpserver.rb:140:in `service'
  /usr/lib/ruby/2.3.0/webrick/httpserver.rb:96:in `run'
  /usr/lib/ruby/2.3.0/webrick/server.rb:296:in `block in start_thread'


  Rendered /usr/lib/ruby/vendor_ruby/action_dispatch/middleware/templates/rescues/_trace.html.erb (1.5ms)
  Rendered /usr/lib/ruby/vendor_ruby/action_dispatch/middleware/templates/routes/_route.html.erb (1.1ms)
  Rendered /usr/lib/ruby/vendor_ruby/action_dispatch/middleware/templates/routes/_table.html.erb (1.1ms)
  Rendered /usr/lib/ruby/vendor_ruby/action_dispatch/middleware/templates/rescues/_request_and_response.html.erb (1.7ms)
  Rendered /usr/lib/ruby/vendor_ruby/action_dispatch/middleware/templates/rescues/routing_error.html.erb within rescues/layout (18.7ms)
  Rendered /var/lib/gems/2.3.0/gems/web-console-2.3.0/lib/web_console/templates/_markup.html.erb (0.4ms)
  Rendered /var/lib/gems/2.3.0/gems/web-console-2.3.0/lib/web_console/templates/_inner_console_markup.html.erb within layouts/inlined_string (0.5ms)
  Rendered /var/lib/gems/2.3.0/gems/web-console-2.3.0/lib/web_console/templates/_prompt_box_markup.html.erb within layouts/inlined_string (0.5ms)
  Rendered /var/lib/gems/2.3.0/gems/web-console-2.3.0/lib/web_console/templates/style.css.erb within layouts/inlined_string (0.4ms)
  Rendered /var/lib/gems/2.3.0/gems/web-console-2.3.0/lib/web_console/templates/console.js.erb within layouts/javascript (13.0ms)
  Rendered /var/lib/gems/2.3.0/gems/web-console-2.3.0/lib/web_console/templates/main.js.erb within layouts/javascript (0.3ms)
  Rendered /var/lib/gems/2.3.0/gems/web-console-2.3.0/lib/web_console/templates/error_page.js.erb within layouts/javascript (0.3ms)
  Rendered /var/lib/gems/2.3.0/gems/web-console-2.3.0/lib/web_console/templates/index.html.erb (24.6ms)


Started GET "/chalupa.js" for 127.0.0.1 at 2016-08-24 23:29:02 -0400

ActionController::RoutingError (No route matches [GET] "/chalupa.js"):
  /usr/lib/ruby/vendor_ruby/action_dispatch/middleware/debug_exceptions.rb:21:in `call'
  web-console (2.3.0) lib/web_console/middleware.rb:28:in `block in call'
  web-console (2.3.0) lib/web_console/middleware.rb:18:in `catch'
  web-console (2.3.0) lib/web_console/middleware.rb:18:in `call'
  /usr/lib/ruby/vendor_ruby/action_dispatch/middleware/show_exceptions.rb:30:in `call'
  /usr/lib/ruby/vendor_ruby/rails/rack/logger.rb:38:in `call_app'
  /usr/lib/ruby/vendor_ruby/rails/rack/logger.rb:20:in `block in call'
  /usr/lib/ruby/vendor_ruby/active_support/tagged_logging.rb:68:in `block in tagged'
  /usr/lib/ruby/vendor_ruby/active_support/tagged_logging.rb:26:in `tagged'
  /usr/lib/ruby/vendor_ruby/active_support/tagged_logging.rb:68:in `tagged'
  /usr/lib/ruby/vendor_ruby/rails/rack/logger.rb:20:in `call'
  /usr/lib/ruby/vendor_ruby/action_dispatch/middleware/request_id.rb:21:in `call'
  /usr/lib/ruby/vendor_ruby/rack/methodoverride.rb:22:in `call'
  /usr/lib/ruby/vendor_ruby/rack/runtime.rb:18:in `call'
  /usr/lib/ruby/vendor_ruby/active_support/cache/strategy/local_cache_middleware.rb:28:in `call'
  /usr/lib/ruby/vendor_ruby/rack/lock.rb:17:in `call'
  /usr/lib/ruby/vendor_ruby/action_dispatch/middleware/static.rb:120:in `call'
  /usr/lib/ruby/vendor_ruby/rack/sendfile.rb:113:in `call'
  /usr/lib/ruby/vendor_ruby/rails/engine.rb:518:in `call'
  /usr/lib/ruby/vendor_ruby/rails/application.rb:165:in `call'
  /usr/lib/ruby/vendor_ruby/rack/lock.rb:17:in `call'
  /usr/lib/ruby/vendor_ruby/rack/content_length.rb:15:in `call'
  /usr/lib/ruby/vendor_ruby/rack/handler/webrick.rb:88:in `service'
  /usr/lib/ruby/2.3.0/webrick/httpserver.rb:140:in `service'
  /usr/lib/ruby/2.3.0/webrick/httpserver.rb:96:in `run'
  /usr/lib/ruby/2.3.0/webrick/server.rb:296:in `block in start_thread'


  Rendered /usr/lib/ruby/vendor_ruby/action_dispatch/middleware/templates/rescues/_trace.html.erb (1.5ms)
  Rendered /usr/lib/ruby/vendor_ruby/action_dispatch/middleware/templates/routes/_route.html.erb (1.1ms)
  Rendered /usr/lib/ruby/vendor_ruby/action_dispatch/middleware/templates/routes/_table.html.erb (1.1ms)
  Rendered /usr/lib/ruby/vendor_ruby/action_dispatch/middleware/templates/rescues/_request_and_response.html.erb (1.1ms)
  Rendered /usr/lib/ruby/vendor_ruby/action_dispatch/middleware/templates/rescues/routing_error.html.erb within rescues/layout (20.4ms)
  Rendered /var/lib/gems/2.3.0/gems/web-console-2.3.0/lib/web_console/templates/_markup.html.erb (0.4ms)
  Rendered /var/lib/gems/2.3.0/gems/web-console-2.3.0/lib/web_console/templates/_inner_console_markup.html.erb within layouts/inlined_string (0.3ms)
  Rendered /var/lib/gems/2.3.0/gems/web-console-2.3.0/lib/web_console/templates/_prompt_box_markup.html.erb within layouts/inlined_string (0.3ms)
  Rendered /var/lib/gems/2.3.0/gems/web-console-2.3.0/lib/web_console/templates/style.css.erb within layouts/inlined_string (0.7ms)
  Rendered /var/lib/gems/2.3.0/gems/web-console-2.3.0/lib/web_console/templates/console.js.erb within layouts/javascript (16.8ms)
  Rendered /var/lib/gems/2.3.0/gems/web-console-2.3.0/lib/web_console/templates/main.js.erb within layouts/javascript (0.3ms)
  Rendered /var/lib/gems/2.3.0/gems/web-console-2.3.0/lib/web_console/templates/error_page.js.erb within layouts/javascript (0.6ms)
  Rendered /var/lib/gems/2.3.0/gems/web-console-2.3.0/lib/web_console/templates/index.html.erb (33.9ms)


Started GET "/assets/mountain-bgd.jpg" for 127.0.0.1 at 2016-08-24 23:29:02 -0400


Started GET "/assets/bowtie.jpg" for 127.0.0.1 at 2016-08-24 23:29:02 -0400


Started GET "/assets/atlasFood.jpg" for 127.0.0.1 at 2016-08-24 23:29:02 -0400


Started GET "/assets/nightPool.jpg" for 127.0.0.1 at 2016-08-24 23:29:02 -0400


Started GET "/assets/savannahHome.jpg" for 127.0.0.1 at 2016-08-24 23:29:02 -0400
